::1 - - [01/Nov/2022:18:24:46 +0000] "POST /api/v1/auth/signup HTTP/1.1" 404 72 "-" "PostmanRuntime/7.29.2"
::1 - - [01/Nov/2022:18:26:49 +0000] "POST /api/v1/auth/signup HTTP/1.1" 404 72 "-" "PostmanRuntime/7.29.2"
::1 - - [01/Nov/2022:18:31:04 +0000] "POST /api/v1/auth/signup HTTP/1.1" 404 72 "-" "PostmanRuntime/7.29.2"
::1 - - [01/Nov/2022:18:32:20 +0000] "POST /api/v1/auth/signup HTTP/1.1" 404 72 "-" "PostmanRuntime/7.29.2"
::1 - - [01/Nov/2022:18:34:06 +0000] "POST /api/v1/auth/signup HTTP/1.1" 404 72 "-" "PostmanRuntime/7.29.2"
::1 - - [01/Nov/2022:18:36:03 +0000] "POST /api/v1/auth/signup HTTP/1.1" 404 72 "-" "PostmanRuntime/7.29.2"
::1 - - [01/Nov/2022:18:37:29 +0000] "POST /api/v1/auth/signup HTTP/1.1" 404 72 "-" "PostmanRuntime/7.29.2"
::1 - - [01/Nov/2022:18:39:26 +0000] "POST /api/v1/auth/signup HTTP/1.1" 404 72 "-" "PostmanRuntime/7.29.2"
::1 - - [01/Nov/2022:18:41:41 +0000] "POST /api/v1/auth/signup HTTP/1.1" 404 72 "-" "PostmanRuntime/7.29.2"
::1 - - [01/Nov/2022:18:43:19 +0000] "POST /api/v1/auth/signup HTTP/1.1" 404 72 "-" "PostmanRuntime/7.29.2"
::1 - - [01/Nov/2022:18:46:34 +0000] "POST /api/v1/auth/signup HTTP/1.1" 404 72 "-" "PostmanRuntime/7.29.2"
::1 - - [01/Nov/2022:18:49:23 +0000] "POST /api/v1/auth/signup HTTP/1.1" 404 72 "-" "PostmanRuntime/7.29.2"
::1 - - [01/Nov/2022:18:52:40 +0000] "POST /api/v1/auth/signup HTTP/1.1" 404 72 "-" "PostmanRuntime/7.29.2"
::1 - - [01/Nov/2022:18:53:45 +0000] "POST /api/v1/auth/signup HTTP/1.1" 404 72 "-" "PostmanRuntime/7.29.2"
::1 - - [01/Nov/2022:18:56:05 +0000] "POST /api/v1/auth/signup HTTP/1.1" 404 72 "-" "PostmanRuntime/7.29.2"
::1 - - [01/Nov/2022:18:57:27 +0000] "POST /api/v1/auth/signup HTTP/1.1" 201 482 "-" "PostmanRuntime/7.29.2"
::1 - - [01/Nov/2022:19:02:25 +0000] "POST /api/v1/auth/signup HTTP/1.1" 404 115 "-" "PostmanRuntime/7.29.2"
::1 - - [01/Nov/2022:19:03:51 +0000] "POST /api/v1/auth/signup HTTP/1.1" 201 483 "-" "PostmanRuntime/7.29.2"
::1 - - [01/Nov/2022:19:31:36 +0000] "POST /api/v1/auth/signin HTTP/1.1" 200 82 "-" "PostmanRuntime/7.29.2"
::1 - - [01/Nov/2022:19:35:19 +0000] "GET /api/v1/auth/logout/63616d975b0fb2bac0b7aec1 HTTP/1.1" 404 182 "-" "PostmanRuntime/7.29.2"
::1 - - [01/Nov/2022:19:35:31 +0000] "POST /api/v1/auth/logout/63616d975b0fb2bac0b7aec1 HTTP/1.1" 200 44 "-" "PostmanRuntime/7.29.2"
::1 - - [01/Nov/2022:19:35:40 +0000] "POST /api/v1/auth/signin HTTP/1.1" 200 82 "-" "PostmanRuntime/7.29.2"
::1 - - [01/Nov/2022:19:38:41 +0000] "POST /api/v1/auth/reset-password HTTP/1.1" 200 79 "-" "PostmanRuntime/7.29.2"
::1 - - [01/Nov/2022:19:40:47 +0000] "PUT /api/v1/auths/reset-password/a24546f86d1e6f9b4d5a39f2a98605f13e293d9464ffe4b6ee8616259d0daddb HTTP/1.1" 404 231 "-" "PostmanRuntime/7.29.2"
::1 - - [01/Nov/2022:19:41:12 +0000] "PUT /api/v1/auths/reset-password/a24546f86d1e6f9b4d5a39f2a98605f13e293d9464ffe4b6ee8616259d0daddb HTTP/1.1" 404 231 "-" "PostmanRuntime/7.29.2"
::1 - - [01/Nov/2022:19:41:49 +0000] "PUT /api/v1/auth/reset-password/a24546f86d1e6f9b4d5a39f2a98605f13e293d9464ffe4b6ee8616259d0daddb HTTP/1.1" 200 27 "-" "PostmanRuntime/7.29.2"
::1 - - [01/Nov/2022:19:42:30 +0000] "PUT /api/v1/users/user HTTP/1.1" 404 156 "-" "PostmanRuntime/7.29.2"
::1 - - [01/Nov/2022:19:45:31 +0000] "PUT /api/v1/user/63616d975b0fb2bac0b7aec1 HTTP/1.1" 404 71 "-" "PostmanRuntime/7.29.2"
::1 - - [01/Nov/2022:19:47:27 +0000] "PUT /api/v1/user/63616d975b0fb2bac0b7aec1 HTTP/1.1" 404 71 "-" "PostmanRuntime/7.29.2"
::1 - - [01/Nov/2022:19:50:11 +0000] "PUT /api/v1/user/63616d975b0fb2bac0b7aec1 HTTP/1.1" 404 71 "-" "PostmanRuntime/7.29.2"
::1 - - [01/Nov/2022:19:51:38 +0000] "PUT /api/v1/user/63616d975b0fb2bac0b7aec1 HTTP/1.1" 404 71 "-" "PostmanRuntime/7.29.2"
::1 - - [01/Nov/2022:19:57:08 +0000] "PUT /api/v1/user/63616d975b0fb2bac0b7aec1 HTTP/1.1" 404 71 "-" "PostmanRuntime/7.29.2"
::1 - - [01/Nov/2022:20:11:13 +0000] "PUT /api/v1/user/63616d975b0fb2bac0b7aec1 HTTP/1.1" 200 191 "-" "PostmanRuntime/7.29.2"
::1 - - [01/Nov/2022:20:12:36 +0000] "GET /api/v1/user/63616d975b0fb2bac0b7aec1 HTTP/1.1" 200 157 "-" "PostmanRuntime/7.29.2"
::1 - - [01/Nov/2022:20:12:53 +0000] "GET /api/v1/user/ HTTP/1.1" 200 484 "-" "PostmanRuntime/7.29.2"
::1 - - [01/Nov/2022:20:15:04 +0000] "DELETE /api/v1/user/63616c174ce8976285e2fbde HTTP/1.1" 200 331 "-" "PostmanRuntime/7.29.2"
::1 - - [01/Nov/2022:22:30:33 +0000] "DELETE /api/v1/user/6338a26affa67db11c773f8f HTTP/1.1" 401 31 "-" "PostmanRuntime/7.29.2"
::1 - - [01/Nov/2022:22:32:28 +0000] "DELETE /api/v1/user/6338a26affa67db11c773f8f HTTP/1.1" 401 31 "-" "PostmanRuntime/7.29.2"
::1 - - [01/Nov/2022:22:35:58 +0000] "DELETE /api/v1/user/6338a26affa67db11c773f8f HTTP/1.1" 401 31 "-" "PostmanRuntime/7.29.2"
::1 - - [01/Nov/2022:22:37:18 +0000] "DELETE /api/v1/user/6338a26affa67db11c773f8f HTTP/1.1" 401 31 "-" "PostmanRuntime/7.29.2"
::1 - - [01/Nov/2022:22:38:05 +0000] "DELETE /api/v1/user/6338a26affa67db11c773f8f HTTP/1.1" 401 31 "-" "PostmanRuntime/7.29.2"
::1 - - [01/Nov/2022:22:38:39 +0000] "DELETE /api/v1/user/6338a26affa67db11c773f8f HTTP/1.1" 401 31 "-" "PostmanRuntime/7.29.2"
::1 - - [01/Nov/2022:22:39:16 +0000] "DELETE /api/v1/user/6338a26affa67db11c773f8f HTTP/1.1" 401 31 "-" "PostmanRuntime/7.29.2"
::1 - - [01/Nov/2022:22:41:35 +0000] "DELETE /api/v1/user/6338a26affa67db11c773f8f HTTP/1.1" 404 43 "-" "PostmanRuntime/7.29.2"
::1 - - [01/Nov/2022:22:41:52 +0000] "GET /api/v1/user/ HTTP/1.1" 200 270 "-" "PostmanRuntime/7.29.2"
::1 - - [01/Nov/2022:22:42:46 +0000] "POST /api/v1/auth/signup HTTP/1.1" 201 482 "-" "PostmanRuntime/7.29.2"
::1 - - [01/Nov/2022:22:42:54 +0000] "POST /api/v1/auth/signup HTTP/1.1" 201 482 "-" "PostmanRuntime/7.29.2"
::1 - - [01/Nov/2022:22:43:37 +0000] "POST /api/v1/auth/signin HTTP/1.1" 400 29 "-" "PostmanRuntime/7.29.2"
::1 - - [01/Nov/2022:22:44:59 +0000] "POST /api/v1/auth/signin HTTP/1.1" 400 29 "-" "PostmanRuntime/7.29.2"
::1 - - [01/Nov/2022:22:46:12 +0000] "POST /api/v1/auth/signin HTTP/1.1" 400 29 "-" "PostmanRuntime/7.29.2"
::1 - - [01/Nov/2022:22:46:27 +0000] "POST /api/v1/auth/signin HTTP/1.1" 400 29 "-" "PostmanRuntime/7.29.2"
::1 - - [01/Nov/2022:22:47:48 +0000] "POST /api/v1/auth/signin HTTP/1.1" 400 29 "-" "PostmanRuntime/7.29.2"
::1 - - [01/Nov/2022:22:48:09 +0000] "POST /api/v1/auth/signin HTTP/1.1" 400 29 "-" "PostmanRuntime/7.29.2"
::1 - - [01/Nov/2022:22:48:18 +0000] "POST /api/v1/auth/signin HTTP/1.1" 400 29 "-" "PostmanRuntime/7.29.2"
::1 - - [01/Nov/2022:22:48:32 +0000] "POST /api/v1/auth/signin HTTP/1.1" 400 29 "-" "PostmanRuntime/7.29.2"
::1 - - [01/Nov/2022:22:48:52 +0000] "GET /api/v1/user/ HTTP/1.1" 401 31 "-" "PostmanRuntime/7.29.2"
::1 - - [01/Nov/2022:22:49:11 +0000] "POST /api/v1/auth/signin HTTP/1.1" 400 29 "-" "PostmanRuntime/7.29.2"
::1 - - [01/Nov/2022:22:51:27 +0000] "POST /api/v1/auth/signin HTTP/1.1" 400 29 "-" "PostmanRuntime/7.29.2"
::1 - - [01/Nov/2022:22:53:32 +0000] "POST /api/v1/auth/signin HTTP/1.1" 400 29 "-" "PostmanRuntime/7.29.2"
::1 - - [01/Nov/2022:22:56:18 +0000] "POST /api/v1/auth/signin HTTP/1.1" 400 29 "-" "PostmanRuntime/7.29.2"
::1 - - [01/Nov/2022:22:57:41 +0000] "POST /api/v1/auth/signin HTTP/1.1" 400 29 "-" "PostmanRuntime/7.29.2"
::1 - - [01/Nov/2022:22:59:27 +0000] "POST /api/v1/auth/signin HTTP/1.1" 400 29 "-" "PostmanRuntime/7.29.2"
::1 - - [01/Nov/2022:23:01:29 +0000] "POST /api/v1/auth/signin HTTP/1.1" 400 29 "-" "PostmanRuntime/7.29.2"
::1 - - [01/Nov/2022:23:01:55 +0000] "POST /api/v1/auth/signin HTTP/1.1" 400 29 "-" "PostmanRuntime/7.29.2"
::1 - - [01/Nov/2022:23:02:01 +0000] "POST /api/v1/auth/signin HTTP/1.1" 400 29 "-" "PostmanRuntime/7.29.2"
::1 - - [01/Nov/2022:23:03:38 +0000] "POST /api/v1/auth/signin HTTP/1.1" 400 29 "-" "PostmanRuntime/7.29.2"
::1 - - [01/Nov/2022:23:04:03 +0000] "POST /api/v1/auth/signup HTTP/1.1" 201 483 "-" "PostmanRuntime/7.29.2"
::1 - - [01/Nov/2022:23:04:15 +0000] "GET /api/v1/user/ HTTP/1.1" 200 598 "-" "PostmanRuntime/7.29.2"
::1 - - [01/Nov/2022:23:04:39 +0000] "POST /api/v1/auth/signin HTTP/1.1" 400 29 "-" "PostmanRuntime/7.29.2"
::1 - - [01/Nov/2022:23:05:42 +0000] "POST /api/v1/auth/signin HTTP/1.1" 400 29 "-" "PostmanRuntime/7.29.2"
::1 - - [01/Nov/2022:23:05:57 +0000] "POST /api/v1/auth/signin HTTP/1.1" 400 29 "-" "PostmanRuntime/7.29.2"
::1 - - [01/Nov/2022:23:06:05 +0000] "POST /api/v1/auth/signin HTTP/1.1" 400 29 "-" "PostmanRuntime/7.29.2"
::1 - - [01/Nov/2022:23:06:37 +0000] "POST /api/v1/auth/signin HTTP/1.1" 400 29 "-" "PostmanRuntime/7.29.2"
::1 - - [01/Nov/2022:23:07:46 +0000] "POST /api/v1/auth/signin HTTP/1.1" 400 29 "-" "PostmanRuntime/7.29.2"
::1 - - [01/Nov/2022:23:08:09 +0000] "POST /api/v1/auth/signin HTTP/1.1" 400 29 "-" "PostmanRuntime/7.29.2"
::1 - - [01/Nov/2022:23:09:23 +0000] "POST /api/v1/auth/reset-password HTTP/1.1" 200 79 "-" "PostmanRuntime/7.29.2"
::1 - - [01/Nov/2022:23:10:15 +0000] "PUT /api/v1/auth/reset-password/6ec277e869ec93930721c57a7e5f29ef7ff51876367a10841eb25b962257bca5 HTTP/1.1" 200 27 "-" "PostmanRuntime/7.29.2"
::1 - - [01/Nov/2022:23:10:23 +0000] "POST /api/v1/auth/signin HTTP/1.1" 400 29 "-" "PostmanRuntime/7.29.2"
::1 - - [01/Nov/2022:23:16:55 +0000] "POST /api/v1/auth/signin HTTP/1.1" 400 29 "-" "PostmanRuntime/7.29.2"
::1 - - [02/Nov/2022:05:55:58 +0000] "POST /api/v1/auth/signin HTTP/1.1" 400 29 "-" "PostmanRuntime/7.29.2"
::1 - - [02/Nov/2022:05:57:58 +0000] "POST /api/v1/auth/signin HTTP/1.1" 400 71 "-" "PostmanRuntime/7.29.2"
::1 - - [02/Nov/2022:05:59:44 +0000] "POST /api/v1/auth/signin HTTP/1.1" 400 71 "-" "PostmanRuntime/7.29.2"
::1 - - [02/Nov/2022:06:00:42 +0000] "POST /api/v1/auth/signin HTTP/1.1" 400 29 "-" "PostmanRuntime/7.29.2"
::1 - - [02/Nov/2022:06:02:13 +0000] "POST /api/v1/auth/signin HTTP/1.1" 400 29 "-" "PostmanRuntime/7.29.2"
::1 - - [02/Nov/2022:06:08:14 +0000] "GET /api/v1/user/ HTTP/1.1" 200 598 "-" "PostmanRuntime/7.29.2"
::1 - - [02/Nov/2022:06:09:22 +0000] "DELETE /api/v1/user/6361a0e532822388c0811fff HTTP/1.1" 200 331 "-" "PostmanRuntime/7.29.2"
::1 - - [02/Nov/2022:06:10:37 +0000] "DELETE /api/v1/user/6361a0ed32822388c0812001 HTTP/1.1" 401 31 "-" "PostmanRuntime/7.29.2"
::1 - - [02/Nov/2022:06:11:58 +0000] "GET /api/v1/user/ HTTP/1.1" 200 489 "-" "PostmanRuntime/7.29.2"
::1 - - [02/Nov/2022:06:12:57 +0000] "PUT /api/v1/user/6361a0ed32822388c0812001 HTTP/1.1" 401 31 "-" "PostmanRuntime/7.29.2"
::1 - - [02/Nov/2022:06:14:07 +0000] "PUT /api/v1/user/6361a0ed32822388c0812001 HTTP/1.1" 401 31 "-" "PostmanRuntime/7.29.2"
::1 - - [02/Nov/2022:06:22:25 +0000] "POST /api/v1/products HTTP/1.1" 201 194 "-" "PostmanRuntime/7.29.2"
::1 - - [02/Nov/2022:06:23:14 +0000] "POST /api/v1/products HTTP/1.1" 400 61 "-" "PostmanRuntime/7.29.2"
::1 - - [02/Nov/2022:06:24:30 +0000] "POST /api/v1/products HTTP/1.1" 400 61 "-" "PostmanRuntime/7.29.2"
::1 - - [02/Nov/2022:06:27:02 +0000] "POST /api/v1/products HTTP/1.1" 400 67 "-" "PostmanRuntime/7.29.2"
::1 - - [02/Nov/2022:06:30:10 +0000] "POST /api/v1/products HTTP/1.1" 400 67 "-" "PostmanRuntime/7.29.2"
::1 - - [02/Nov/2022:06:31:45 +0000] "POST /api/v1/products HTTP/1.1" 400 67 "-" "PostmanRuntime/7.29.2"
::1 - - [02/Nov/2022:06:32:42 +0000] "POST /api/v1/products HTTP/1.1" 400 67 "-" "PostmanRuntime/7.29.2"
::1 - - [02/Nov/2022:06:34:49 +0000] "POST /api/v1/products HTTP/1.1" 400 67 "-" "PostmanRuntime/7.29.2"
::1 - - [02/Nov/2022:06:34:52 +0000] "POST /api/v1/products HTTP/1.1" 400 67 "-" "PostmanRuntime/7.29.2"
::1 - - [02/Nov/2022:06:35:38 +0000] "POST /api/v1/products HTTP/1.1" 201 201 "-" "PostmanRuntime/7.29.2"
::1 - - [02/Nov/2022:06:36:25 +0000] "POST /api/v1/products HTTP/1.1" 400 67 "-" "PostmanRuntime/7.29.2"
::1 - - [02/Nov/2022:06:38:55 +0000] "POST /api/v1/products HTTP/1.1" 400 67 "-" "PostmanRuntime/7.29.2"
::1 - - [02/Nov/2022:06:39:45 +0000] "POST /api/v1/products HTTP/1.1" 400 67 "-" "PostmanRuntime/7.29.2"
::1 - - [02/Nov/2022:06:49:02 +0000] "POST /api/v1/auth/signup HTTP/1.1" 201 482 "-" "PostmanRuntime/7.29.2"
::1 - - [02/Nov/2022:06:49:15 +0000] "POST /api/v1/auth/signup HTTP/1.1" 201 482 "-" "PostmanRuntime/7.29.2"
::1 - - [02/Nov/2022:06:49:22 +0000] "POST /api/v1/auth/signup HTTP/1.1" 201 482 "-" "PostmanRuntime/7.29.2"
::1 - - [02/Nov/2022:06:49:31 +0000] "POST /api/v1/auth/signup HTTP/1.1" 201 482 "-" "PostmanRuntime/7.29.2"
::1 - - [02/Nov/2022:06:49:57 +0000] "POST /api/v1/auth/signin HTTP/1.1" 200 81 "-" "PostmanRuntime/7.29.2"
::1 - - [02/Nov/2022:06:50:07 +0000] "POST /api/v1/products HTTP/1.1" 201 197 "-" "PostmanRuntime/7.29.2"
::1 - - [02/Nov/2022:06:50:30 +0000] "POST /api/v1/products HTTP/1.1" 201 201 "-" "PostmanRuntime/7.29.2"
::1 - - [02/Nov/2022:06:53:42 +0000] "POST /api/v1/products HTTP/1.1" 201 192 "-" "PostmanRuntime/7.29.2"
::1 - - [02/Nov/2022:06:54:49 +0000] "POST /api/v1/products HTTP/1.1" 201 216 "-" "PostmanRuntime/7.29.2"
::1 - - [02/Nov/2022:06:57:39 +0000] "PUT /api/v1/products/636214380ee1e27c79635d40 HTTP/1.1" 200 233 "-" "PostmanRuntime/7.29.2"
::1 - - [02/Nov/2022:06:57:58 +0000] "PUT /api/v1/products/636214380ee1e27c79635d40 HTTP/1.1" 200 232 "-" "PostmanRuntime/7.29.2"
::1 - - [02/Nov/2022:06:59:27 +0000] "GET /api/v1/products/636214380ee1e27c79635d40 HTTP/1.1" 200 208 "-" "PostmanRuntime/7.29.2"
::1 - - [02/Nov/2022:06:59:33 +0000] "GET /api/v1/products/ HTTP/1.1" 200 622 "-" "PostmanRuntime/7.29.2"
::1 - - [02/Nov/2022:07:01:51 +0000] "DELETE /api/v1/products/6362131e6477d0ef98cf2f4d HTTP/1.1" 404 182 "-" "PostmanRuntime/7.29.2"
::1 - - [02/Nov/2022:07:03:46 +0000] "DELETE /api/v1/products/6362131e6477d0ef98cf2f4d HTTP/1.1" 200 56 "-" "PostmanRuntime/7.29.2"
::1 - - [02/Nov/2022:07:20:24 +0000] "GET /api/v1/user/ HTTP/1.1" 200 488 "-" "PostmanRuntime/7.29.2"
::1 - - [02/Nov/2022:07:21:06 +0000] "POST /api/v1/auth/signin HTTP/1.1" 200 82 "-" "PostmanRuntime/7.29.2"
::1 - - [02/Nov/2022:07:22:21 +0000] "POST /api/v1/cart HTTP/1.1" 404 44 "-" "PostmanRuntime/7.29.2"
::1 - - [02/Nov/2022:07:24:28 +0000] "POST /api/v1/cart HTTP/1.1" 404 44 "-" "PostmanRuntime/7.29.2"
::1 - - [02/Nov/2022:07:25:35 +0000] "POST /api/v1/cart HTTP/1.1" 201 206 "-" "PostmanRuntime/7.29.2"
::1 - - [02/Nov/2022:07:28:30 +0000] "PUT /api/v1/cart/63621b6dc12e8b3994ccc2c5 HTTP/1.1" 200 205 "-" "PostmanRuntime/7.29.2"
::1 - - [02/Nov/2022:07:31:02 +0000] "POST /api/v1/cart HTTP/1.1" 201 206 "-" "PostmanRuntime/7.29.2"
::1 - - [02/Nov/2022:07:34:32 +0000] "PUT /api/v1/cart/63621cb5c12e8b3994ccc2d1 HTTP/1.1" 200 205 "-" "PostmanRuntime/7.29.2"
::1 - - [02/Nov/2022:07:35:27 +0000] "GET /api/v1/cart HTTP/1.1" 401 31 "-" "PostmanRuntime/7.29.2"
::1 - - [02/Nov/2022:07:35:42 +0000] "GET /api/v1/cart HTTP/1.1" 200 372 "-" "PostmanRuntime/7.29.2"
::1 - - [02/Nov/2022:07:36:32 +0000] "POST /api/v1/cart HTTP/1.1" 201 204 "-" "PostmanRuntime/7.29.2"
::1 - - [02/Nov/2022:07:37:19 +0000] "DELETE /api/v1/cart/63621dff0b7cd5d3306539cc HTTP/1.1" 200 203 "-" "PostmanRuntime/7.29.2"
::1 - - [02/Nov/2022:07:52:08 +0000] "GET /api/v1/order/63621aae3d450c9806d0669c HTTP/1.1" 200 209 "-" "PostmanRuntime/7.29.2"
::1 - - [02/Nov/2022:07:52:16 +0000] "GET /api/v1/order/ HTTP/1.1" 401 31 "-" "PostmanRuntime/7.29.2"
::1 - - [02/Nov/2022:08:27:37 +0000] "POST /api/v1/order/checkout/63621aae3d450c9806d0669c HTTP/1.1" 200 61 "-" "PostmanRuntime/7.29.2"
::1 - - [02/Nov/2022:10:52:02 +0000] "POST /api/v1/auth/signin HTTP/1.1" 200 82 "-" "PostmanRuntime/7.29.2"
::1 - - [02/Nov/2022:10:52:21 +0000] "POST /api/v1/cart HTTP/1.1" 201 205 "-" "PostmanRuntime/7.29.2"
::1 - - [02/Nov/2022:10:54:18 +0000] "POST /api/v1/order/checkout/63624be5d64641387049a776 HTTP/1.1" - - "-" "PostmanRuntime/7.29.2"
